<?xml version="1.0" encoding="UTF-8"?>
<!-- Generated by org.testng.reporters.JUnitXMLReporter -->
<testsuite ignored="0" hostname="DESKTOP-V7QB8EL" failures="1" tests="3" name="Test" time="1.582" errors="0" timestamp="2022-03-02T17:52:48 COT">
  <testcase classname="com.TestNG.RunTestNG" name="mercadoLibreTestNG" time="0.003"/>
  <testcase classname="com.TestNG.RunTestNG" name="pruebaInicialTestNG" time="0.001"/>
  <testcase classname="com.TestNG.RunTestNG" name="toolsQATestNG" time="0.001">
    <failure type="java.lang.Error" message="Unresolved compilation problems: 
	The method IngresoDemoQA(String, File, String) in the type PageObjectAlerts is not applicable for the arguments (String, File, String, String)
	The method IngresoDemoQA(String, File, String) in the type PageObjectAlerts is not applicable for the arguments (String, File, String, String)
">
      <![CDATA[java.lang.Error: Unresolved compilation problems: 
The method IngresoDemoQA(String, File, String) in the type PageObjectAlerts is not applicable for the arguments (String, File, String, String)
The method IngresoDemoQA(String, File, String) in the type PageObjectAlerts is not applicable for the arguments (String, File, String, String)

at com.TestNG.RunTestNG.toolsQATestNG(RunTestNG.java:216)
at java.base/java.util.ArrayList.forEach(ArrayList.java:1511)
... Removed 27 stack frames]]>
    </failure>
  </testcase> <!-- toolsQATestNG -->
</testsuite> <!-- Test -->
